Analysis & Synthesis report for pqc_accelerator_top
Mon Oct 17 17:37:22 2022
Quartus Prime Version 20.1.1 Build 720 11/11/2020 SJ Lite Edition


---------------------
; Table of Contents ;
---------------------
  1. Legal Notice
  2. Analysis & Synthesis Summary
  3. Analysis & Synthesis Settings
  4. Parallel Compilation
  5. Analysis & Synthesis Source Files Read
  6. Analysis & Synthesis Resource Usage Summary
  7. Analysis & Synthesis Resource Utilization by Entity
  8. State Machine - |pqc_accelerator_top|fsm:FSM|state
  9. General Register Statistics
 10. Inverted Register Statistics
 11. Multiplexer Restructuring Statistics (Restructuring Performed)
 12. Port Connectivity Checks: "pe_chain:PE_CHAIN|circulant:CIRC_MATRIX|signed_shift:\CIRC_GEN:0:SHIFT"
 13. Post-Synthesis Netlist Statistics for Top Partition
 14. Elapsed Time Per Partition
 15. Analysis & Synthesis Messages



----------------
; Legal Notice ;
----------------
Copyright (C) 2020  Intel Corporation. All rights reserved.
Your use of Intel Corporation's design tools, logic functions 
and other software and tools, and any partner logic 
functions, and any output files from any of the foregoing 
(including device programming or simulation files), and any 
associated documentation or information are expressly subject 
to the terms and conditions of the Intel Program License 
Subscription Agreement, the Intel Quartus Prime License Agreement,
the Intel FPGA IP License Agreement, or other applicable license
agreement, including, without limitation, that your use is for
the sole purpose of programming logic devices manufactured by
Intel and sold by Intel or its authorized distributors.  Please
refer to the applicable agreement for further details, at
https://fpgasoftware.intel.com/eula.



+-------------------------------------------------------------------------------+
; Analysis & Synthesis Summary                                                  ;
+---------------------------------+---------------------------------------------+
; Analysis & Synthesis Status     ; Successful - Mon Oct 17 17:37:22 2022       ;
; Quartus Prime Version           ; 20.1.1 Build 720 11/11/2020 SJ Lite Edition ;
; Revision Name                   ; pqc_accelerator_top                         ;
; Top-level Entity Name           ; pqc_accelerator_top                         ;
; Family                          ; Cyclone V                                   ;
; Logic utilization (in ALMs)     ; N/A                                         ;
; Total registers                 ; 474                                         ;
; Total pins                      ; 20                                          ;
; Total virtual pins              ; 0                                           ;
; Total block memory bits         ; 0                                           ;
; Total DSP Blocks                ; 0                                           ;
; Total HSSI RX PCSs              ; 0                                           ;
; Total HSSI PMA RX Deserializers ; 0                                           ;
; Total HSSI TX PCSs              ; 0                                           ;
; Total HSSI PMA TX Serializers   ; 0                                           ;
; Total PLLs                      ; 0                                           ;
; Total DLLs                      ; 0                                           ;
+---------------------------------+---------------------------------------------+


+-----------------------------------------------------------------------------------------------------------------------------+
; Analysis & Synthesis Settings                                                                                               ;
+---------------------------------------------------------------------------------+---------------------+---------------------+
; Option                                                                          ; Setting             ; Default Value       ;
+---------------------------------------------------------------------------------+---------------------+---------------------+
; Device                                                                          ; 5CSXFC6D6F31C6      ;                     ;
; Top-level entity name                                                           ; pqc_accelerator_top ; pqc_accelerator_top ;
; Family name                                                                     ; Cyclone V           ; Cyclone V           ;
; Use smart compilation                                                           ; Off                 ; Off                 ;
; Enable parallel Assembler and Timing Analyzer during compilation                ; On                  ; On                  ;
; Enable compact report table                                                     ; Off                 ; Off                 ;
; Restructure Multiplexers                                                        ; Auto                ; Auto                ;
; MLAB Add Timing Constraints For Mixed-Port Feed-Through Mode Setting Don't Care ; Off                 ; Off                 ;
; Create Debugging Nodes for IP Cores                                             ; Off                 ; Off                 ;
; Preserve fewer node names                                                       ; On                  ; On                  ;
; Intel FPGA IP Evaluation Mode                                                   ; Enable              ; Enable              ;
; Verilog Version                                                                 ; Verilog_2001        ; Verilog_2001        ;
; VHDL Version                                                                    ; VHDL_1993           ; VHDL_1993           ;
; State Machine Processing                                                        ; Auto                ; Auto                ;
; Safe State Machine                                                              ; Off                 ; Off                 ;
; Extract Verilog State Machines                                                  ; On                  ; On                  ;
; Extract VHDL State Machines                                                     ; On                  ; On                  ;
; Ignore Verilog initial constructs                                               ; Off                 ; Off                 ;
; Iteration limit for constant Verilog loops                                      ; 5000                ; 5000                ;
; Iteration limit for non-constant Verilog loops                                  ; 250                 ; 250                 ;
; Add Pass-Through Logic to Inferred RAMs                                         ; On                  ; On                  ;
; Infer RAMs from Raw Logic                                                       ; On                  ; On                  ;
; Parallel Synthesis                                                              ; On                  ; On                  ;
; DSP Block Balancing                                                             ; Auto                ; Auto                ;
; NOT Gate Push-Back                                                              ; On                  ; On                  ;
; Power-Up Don't Care                                                             ; On                  ; On                  ;
; Remove Redundant Logic Cells                                                    ; Off                 ; Off                 ;
; Remove Duplicate Registers                                                      ; On                  ; On                  ;
; Ignore CARRY Buffers                                                            ; Off                 ; Off                 ;
; Ignore CASCADE Buffers                                                          ; Off                 ; Off                 ;
; Ignore GLOBAL Buffers                                                           ; Off                 ; Off                 ;
; Ignore ROW GLOBAL Buffers                                                       ; Off                 ; Off                 ;
; Ignore LCELL Buffers                                                            ; Off                 ; Off                 ;
; Ignore SOFT Buffers                                                             ; On                  ; On                  ;
; Limit AHDL Integers to 32 Bits                                                  ; Off                 ; Off                 ;
; Optimization Technique                                                          ; Balanced            ; Balanced            ;
; Carry Chain Length                                                              ; 70                  ; 70                  ;
; Auto Carry Chains                                                               ; On                  ; On                  ;
; Auto Open-Drain Pins                                                            ; On                  ; On                  ;
; Perform WYSIWYG Primitive Resynthesis                                           ; Off                 ; Off                 ;
; Auto ROM Replacement                                                            ; On                  ; On                  ;
; Auto RAM Replacement                                                            ; On                  ; On                  ;
; Auto DSP Block Replacement                                                      ; On                  ; On                  ;
; Auto Shift Register Replacement                                                 ; Auto                ; Auto                ;
; Allow Shift Register Merging across Hierarchies                                 ; Auto                ; Auto                ;
; Auto Clock Enable Replacement                                                   ; On                  ; On                  ;
; Strict RAM Replacement                                                          ; Off                 ; Off                 ;
; Allow Synchronous Control Signals                                               ; On                  ; On                  ;
; Force Use of Synchronous Clear Signals                                          ; Off                 ; Off                 ;
; Auto Resource Sharing                                                           ; Off                 ; Off                 ;
; Allow Any RAM Size For Recognition                                              ; Off                 ; Off                 ;
; Allow Any ROM Size For Recognition                                              ; Off                 ; Off                 ;
; Allow Any Shift Register Size For Recognition                                   ; Off                 ; Off                 ;
; Use LogicLock Constraints during Resource Balancing                             ; On                  ; On                  ;
; Ignore translate_off and synthesis_off directives                               ; Off                 ; Off                 ;
; Timing-Driven Synthesis                                                         ; On                  ; On                  ;
; Report Parameter Settings                                                       ; On                  ; On                  ;
; Report Source Assignments                                                       ; On                  ; On                  ;
; Report Connectivity Checks                                                      ; On                  ; On                  ;
; Ignore Maximum Fan-Out Assignments                                              ; Off                 ; Off                 ;
; Synchronization Register Chain Length                                           ; 3                   ; 3                   ;
; Power Optimization During Synthesis                                             ; Normal compilation  ; Normal compilation  ;
; HDL message level                                                               ; Level2              ; Level2              ;
; Suppress Register Optimization Related Messages                                 ; Off                 ; Off                 ;
; Number of Removed Registers Reported in Synthesis Report                        ; 5000                ; 5000                ;
; Number of Swept Nodes Reported in Synthesis Report                              ; 5000                ; 5000                ;
; Number of Inverted Registers Reported in Synthesis Report                       ; 100                 ; 100                 ;
; Clock MUX Protection                                                            ; On                  ; On                  ;
; Auto Gated Clock Conversion                                                     ; Off                 ; Off                 ;
; Block Design Naming                                                             ; Auto                ; Auto                ;
; SDC constraint protection                                                       ; Off                 ; Off                 ;
; Synthesis Effort                                                                ; Auto                ; Auto                ;
; Shift Register Replacement - Allow Asynchronous Clear Signal                    ; On                  ; On                  ;
; Pre-Mapping Resynthesis Optimization                                            ; Off                 ; Off                 ;
; Analysis & Synthesis Message Level                                              ; Medium              ; Medium              ;
; Disable Register Merging Across Hierarchies                                     ; Auto                ; Auto                ;
; Resource Aware Inference For Block RAM                                          ; On                  ; On                  ;
; Automatic Parallel Synthesis                                                    ; On                  ; On                  ;
; Partial Reconfiguration Bitstream ID                                            ; Off                 ; Off                 ;
+---------------------------------------------------------------------------------+---------------------+---------------------+


+------------------------------------------+
; Parallel Compilation                     ;
+----------------------------+-------------+
; Processors                 ; Number      ;
+----------------------------+-------------+
; Number detected on machine ; 16          ;
; Maximum allowed            ; 8           ;
;                            ;             ;
; Average used               ; 1.00        ;
; Maximum used               ; 8           ;
;                            ;             ;
; Usage by Processor         ; % Time Used ;
;     Processor 1            ; 100.0%      ;
;     Processor 2            ;   0.0%      ;
;     Processor 3            ;   0.0%      ;
;     Processor 4            ;   0.0%      ;
;     Processor 5            ;   0.0%      ;
;     Processor 6            ;   0.0%      ;
;     Processor 7            ;   0.0%      ;
;     Processor 8            ;   0.0%      ;
+----------------------------+-------------+


+-------------------------------------------------------------------------------------------------------------------------------------------------------------------------------------------------------------+
; Analysis & Synthesis Source Files Read                                                                                                                                                                      ;
+-----------------------------------------------------------------------+-----------------+-----------------+---------------------------------------------------------------------------------------+---------+
; File Name with User-Entered Path                                      ; Used in Netlist ; File Type       ; File Name with Absolute Path                                                          ; Library ;
+-----------------------------------------------------------------------+-----------------+-----------------+---------------------------------------------------------------------------------------+---------+
; ../2022-2023-PQC-Accelerator/pqc_pipe/design/signed_shift.vhd         ; yes             ; User VHDL File  ; C:/PQC Accelerator/2022-2023-PQC-Accelerator/pqc_pipe/design/signed_shift.vhd         ;         ;
; ../2022-2023-PQC-Accelerator/pqc_pipe/design/shift_data_out.vhd       ; yes             ; User VHDL File  ; C:/PQC Accelerator/2022-2023-PQC-Accelerator/pqc_pipe/design/shift_data_out.vhd       ;         ;
; ../2022-2023-PQC-Accelerator/pqc_pipe/design/shift_data_in.vhd        ; yes             ; User VHDL File  ; C:/PQC Accelerator/2022-2023-PQC-Accelerator/pqc_pipe/design/shift_data_in.vhd        ;         ;
; ../2022-2023-PQC-Accelerator/pqc_pipe/design/reg_nbit_matrix.vhd      ; yes             ; User VHDL File  ; C:/PQC Accelerator/2022-2023-PQC-Accelerator/pqc_pipe/design/reg_nbit_matrix.vhd      ;         ;
; ../2022-2023-PQC-Accelerator/pqc_pipe/design/reg_8bit.vhd             ; yes             ; User VHDL File  ; C:/PQC Accelerator/2022-2023-PQC-Accelerator/pqc_pipe/design/reg_8bit.vhd             ;         ;
; ../2022-2023-PQC-Accelerator/pqc_pipe/design/reg_1bit.vhd             ; yes             ; User VHDL File  ; C:/PQC Accelerator/2022-2023-PQC-Accelerator/pqc_pipe/design/reg_1bit.vhd             ;         ;
; ../2022-2023-PQC-Accelerator/pqc_pipe/design/processing_element_n.vhd ; yes             ; User VHDL File  ; C:/PQC Accelerator/2022-2023-PQC-Accelerator/pqc_pipe/design/processing_element_n.vhd ;         ;
; ../2022-2023-PQC-Accelerator/pqc_pipe/design/processing_element_i.vhd ; yes             ; User VHDL File  ; C:/PQC Accelerator/2022-2023-PQC-Accelerator/pqc_pipe/design/processing_element_i.vhd ;         ;
; ../2022-2023-PQC-Accelerator/pqc_pipe/design/pqc_accelerator_top.vhd  ; yes             ; User VHDL File  ; C:/PQC Accelerator/2022-2023-PQC-Accelerator/pqc_pipe/design/pqc_accelerator_top.vhd  ;         ;
; ../2022-2023-PQC-Accelerator/pqc_pipe/design/pe_chain.vhd             ; yes             ; User VHDL File  ; C:/PQC Accelerator/2022-2023-PQC-Accelerator/pqc_pipe/design/pe_chain.vhd             ;         ;
; ../2022-2023-PQC-Accelerator/pqc_pipe/design/pe_accum.vhd             ; yes             ; User VHDL File  ; C:/PQC Accelerator/2022-2023-PQC-Accelerator/pqc_pipe/design/pe_accum.vhd             ;         ;
; ../2022-2023-PQC-Accelerator/pqc_pipe/design/multiplier_nbit.vhd      ; yes             ; User VHDL File  ; C:/PQC Accelerator/2022-2023-PQC-Accelerator/pqc_pipe/design/multiplier_nbit.vhd      ;         ;
; ../2022-2023-PQC-Accelerator/pqc_pipe/design/globals_pkg.vhd          ; yes             ; User VHDL File  ; C:/PQC Accelerator/2022-2023-PQC-Accelerator/pqc_pipe/design/globals_pkg.vhd          ;         ;
; ../2022-2023-PQC-Accelerator/pqc_pipe/design/fsm.vhd                  ; yes             ; User VHDL File  ; C:/PQC Accelerator/2022-2023-PQC-Accelerator/pqc_pipe/design/fsm.vhd                  ;         ;
; ../2022-2023-PQC-Accelerator/pqc_pipe/design/counter.vhd              ; yes             ; User VHDL File  ; C:/PQC Accelerator/2022-2023-PQC-Accelerator/pqc_pipe/design/counter.vhd              ;         ;
; ../2022-2023-PQC-Accelerator/pqc_pipe/design/circulant.vhd            ; yes             ; User VHDL File  ; C:/PQC Accelerator/2022-2023-PQC-Accelerator/pqc_pipe/design/circulant.vhd            ;         ;
; ../2022-2023-PQC-Accelerator/pqc_pipe/design/b_mux.vhd                ; yes             ; User VHDL File  ; C:/PQC Accelerator/2022-2023-PQC-Accelerator/pqc_pipe/design/b_mux.vhd                ;         ;
; ../2022-2023-PQC-Accelerator/pqc_pipe/design/a_mux.vhd                ; yes             ; User VHDL File  ; C:/PQC Accelerator/2022-2023-PQC-Accelerator/pqc_pipe/design/a_mux.vhd                ;         ;
+-----------------------------------------------------------------------+-----------------+-----------------+---------------------------------------------------------------------------------------+---------+


+---------------------------------------------------------+
; Analysis & Synthesis Resource Usage Summary             ;
+---------------------------------------------+-----------+
; Resource                                    ; Usage     ;
+---------------------------------------------+-----------+
; Estimate of Logic utilization (ALMs needed) ; 248       ;
;                                             ;           ;
; Combinational ALUT usage for logic          ; 399       ;
;     -- 7 input functions                    ; 0         ;
;     -- 6 input functions                    ; 5         ;
;     -- 5 input functions                    ; 234       ;
;     -- 4 input functions                    ; 36        ;
;     -- <=3 input functions                  ; 124       ;
;                                             ;           ;
; Dedicated logic registers                   ; 474       ;
;                                             ;           ;
; I/O pins                                    ; 20        ;
;                                             ;           ;
; Total DSP Blocks                            ; 0         ;
;                                             ;           ;
; Maximum fan-out node                        ; clk~input ;
; Maximum fan-out                             ; 474       ;
; Total fan-out                               ; 3920      ;
; Average fan-out                             ; 4.29      ;
+---------------------------------------------+-----------+


+---------------------------------------------------------------------------------------------------------------------------------------------------------------------------------------------------------------------------------------------------------------------------------------------+
; Analysis & Synthesis Resource Utilization by Entity                                                                                                                                                                                                                                         ;
+-------------------------------------------+---------------------+---------------------------+-------------------+------------+------+--------------+--------------------------------------------------------------------------------------------------+----------------------+--------------+
; Compilation Hierarchy Node                ; Combinational ALUTs ; Dedicated Logic Registers ; Block Memory Bits ; DSP Blocks ; Pins ; Virtual Pins ; Full Hierarchy Name                                                                              ; Entity Name          ; Library Name ;
+-------------------------------------------+---------------------+---------------------------+-------------------+------------+------+--------------+--------------------------------------------------------------------------------------------------+----------------------+--------------+
; |pqc_accelerator_top                      ; 399 (0)             ; 474 (0)                   ; 0                 ; 0          ; 20   ; 0            ; |pqc_accelerator_top                                                                             ; pqc_accelerator_top  ; work         ;
;    |data_shift_in:DSI|                    ; 1 (0)               ; 72 (0)                    ; 0                 ; 0          ; 0    ; 0            ; |pqc_accelerator_top|data_shift_in:DSI                                                           ; data_shift_in        ; work         ;
;       |reg_1bit:REG_1_0|                  ; 0 (0)               ; 1 (1)                     ; 0                 ; 0          ; 0    ; 0            ; |pqc_accelerator_top|data_shift_in:DSI|reg_1bit:REG_1_0                                          ; reg_1bit             ; work         ;
;       |reg_1bit:\REG_1_GEN:1:REG_1|       ; 0 (0)               ; 1 (1)                     ; 0                 ; 0          ; 0    ; 0            ; |pqc_accelerator_top|data_shift_in:DSI|reg_1bit:\REG_1_GEN:1:REG_1                               ; reg_1bit             ; work         ;
;       |reg_1bit:\REG_1_GEN:2:REG_1|       ; 0 (0)               ; 1 (1)                     ; 0                 ; 0          ; 0    ; 0            ; |pqc_accelerator_top|data_shift_in:DSI|reg_1bit:\REG_1_GEN:2:REG_1                               ; reg_1bit             ; work         ;
;       |reg_1bit:\REG_1_GEN:3:REG_1|       ; 0 (0)               ; 1 (1)                     ; 0                 ; 0          ; 0    ; 0            ; |pqc_accelerator_top|data_shift_in:DSI|reg_1bit:\REG_1_GEN:3:REG_1                               ; reg_1bit             ; work         ;
;       |reg_1bit:\REG_1_GEN:4:REG_1|       ; 0 (0)               ; 1 (1)                     ; 0                 ; 0          ; 0    ; 0            ; |pqc_accelerator_top|data_shift_in:DSI|reg_1bit:\REG_1_GEN:4:REG_1                               ; reg_1bit             ; work         ;
;       |reg_1bit:\REG_1_GEN:5:REG_1|       ; 0 (0)               ; 1 (1)                     ; 0                 ; 0          ; 0    ; 0            ; |pqc_accelerator_top|data_shift_in:DSI|reg_1bit:\REG_1_GEN:5:REG_1                               ; reg_1bit             ; work         ;
;       |reg_1bit:\REG_1_GEN:6:REG_1|       ; 0 (0)               ; 1 (1)                     ; 0                 ; 0          ; 0    ; 0            ; |pqc_accelerator_top|data_shift_in:DSI|reg_1bit:\REG_1_GEN:6:REG_1                               ; reg_1bit             ; work         ;
;       |reg_1bit:\REG_1_GEN:7:REG_1|       ; 0 (0)               ; 1 (1)                     ; 0                 ; 0          ; 0    ; 0            ; |pqc_accelerator_top|data_shift_in:DSI|reg_1bit:\REG_1_GEN:7:REG_1                               ; reg_1bit             ; work         ;
;       |reg_8bit:REG_8_0|                  ; 0 (0)               ; 8 (8)                     ; 0                 ; 0          ; 0    ; 0            ; |pqc_accelerator_top|data_shift_in:DSI|reg_8bit:REG_8_0                                          ; reg_8bit             ; work         ;
;       |reg_8bit:\REG_8_GEN:1:REG_8|       ; 0 (0)               ; 8 (8)                     ; 0                 ; 0          ; 0    ; 0            ; |pqc_accelerator_top|data_shift_in:DSI|reg_8bit:\REG_8_GEN:1:REG_8                               ; reg_8bit             ; work         ;
;       |reg_8bit:\REG_8_GEN:2:REG_8|       ; 0 (0)               ; 8 (8)                     ; 0                 ; 0          ; 0    ; 0            ; |pqc_accelerator_top|data_shift_in:DSI|reg_8bit:\REG_8_GEN:2:REG_8                               ; reg_8bit             ; work         ;
;       |reg_8bit:\REG_8_GEN:3:REG_8|       ; 1 (1)               ; 8 (8)                     ; 0                 ; 0          ; 0    ; 0            ; |pqc_accelerator_top|data_shift_in:DSI|reg_8bit:\REG_8_GEN:3:REG_8                               ; reg_8bit             ; work         ;
;       |reg_8bit:\REG_8_GEN:4:REG_8|       ; 0 (0)               ; 8 (8)                     ; 0                 ; 0          ; 0    ; 0            ; |pqc_accelerator_top|data_shift_in:DSI|reg_8bit:\REG_8_GEN:4:REG_8                               ; reg_8bit             ; work         ;
;       |reg_8bit:\REG_8_GEN:5:REG_8|       ; 0 (0)               ; 8 (8)                     ; 0                 ; 0          ; 0    ; 0            ; |pqc_accelerator_top|data_shift_in:DSI|reg_8bit:\REG_8_GEN:5:REG_8                               ; reg_8bit             ; work         ;
;       |reg_8bit:\REG_8_GEN:6:REG_8|       ; 0 (0)               ; 8 (8)                     ; 0                 ; 0          ; 0    ; 0            ; |pqc_accelerator_top|data_shift_in:DSI|reg_8bit:\REG_8_GEN:6:REG_8                               ; reg_8bit             ; work         ;
;       |reg_8bit:\REG_8_GEN:7:REG_8|       ; 0 (0)               ; 8 (8)                     ; 0                 ; 0          ; 0    ; 0            ; |pqc_accelerator_top|data_shift_in:DSI|reg_8bit:\REG_8_GEN:7:REG_8                               ; reg_8bit             ; work         ;
;    |data_shift_out:DSO|                   ; 3 (1)               ; 65 (1)                    ; 0                 ; 0          ; 0    ; 0            ; |pqc_accelerator_top|data_shift_out:DSO                                                          ; data_shift_out       ; work         ;
;       |reg_8bit:REG_N|                    ; 0 (0)               ; 8 (8)                     ; 0                 ; 0          ; 0    ; 0            ; |pqc_accelerator_top|data_shift_out:DSO|reg_8bit:REG_N                                           ; reg_8bit             ; work         ;
;       |reg_8bit:\REG_GEN:0:REG|           ; 1 (1)               ; 8 (8)                     ; 0                 ; 0          ; 0    ; 0            ; |pqc_accelerator_top|data_shift_out:DSO|reg_8bit:\REG_GEN:0:REG                                  ; reg_8bit             ; work         ;
;       |reg_8bit:\REG_GEN:1:REG|           ; 0 (0)               ; 8 (8)                     ; 0                 ; 0          ; 0    ; 0            ; |pqc_accelerator_top|data_shift_out:DSO|reg_8bit:\REG_GEN:1:REG                                  ; reg_8bit             ; work         ;
;       |reg_8bit:\REG_GEN:2:REG|           ; 0 (0)               ; 8 (8)                     ; 0                 ; 0          ; 0    ; 0            ; |pqc_accelerator_top|data_shift_out:DSO|reg_8bit:\REG_GEN:2:REG                                  ; reg_8bit             ; work         ;
;       |reg_8bit:\REG_GEN:3:REG|           ; 1 (1)               ; 8 (8)                     ; 0                 ; 0          ; 0    ; 0            ; |pqc_accelerator_top|data_shift_out:DSO|reg_8bit:\REG_GEN:3:REG                                  ; reg_8bit             ; work         ;
;       |reg_8bit:\REG_GEN:4:REG|           ; 0 (0)               ; 8 (8)                     ; 0                 ; 0          ; 0    ; 0            ; |pqc_accelerator_top|data_shift_out:DSO|reg_8bit:\REG_GEN:4:REG                                  ; reg_8bit             ; work         ;
;       |reg_8bit:\REG_GEN:5:REG|           ; 0 (0)               ; 8 (8)                     ; 0                 ; 0          ; 0    ; 0            ; |pqc_accelerator_top|data_shift_out:DSO|reg_8bit:\REG_GEN:5:REG                                  ; reg_8bit             ; work         ;
;       |reg_8bit:\REG_GEN:6:REG|           ; 0 (0)               ; 8 (8)                     ; 0                 ; 0          ; 0    ; 0            ; |pqc_accelerator_top|data_shift_out:DSO|reg_8bit:\REG_GEN:6:REG                                  ; reg_8bit             ; work         ;
;    |fsm:FSM|                              ; 22 (19)             ; 17 (14)                   ; 0                 ; 0          ; 0    ; 0            ; |pqc_accelerator_top|fsm:FSM                                                                     ; fsm                  ; work         ;
;       |counter:STATE_COUNTER|             ; 3 (3)               ; 3 (3)                     ; 0                 ; 0          ; 0    ; 0            ; |pqc_accelerator_top|fsm:FSM|counter:STATE_COUNTER                                               ; counter              ; work         ;
;    |pe_accum:PE_ACCUM|                    ; 64 (64)             ; 64 (0)                    ; 0                 ; 0          ; 0    ; 0            ; |pqc_accelerator_top|pe_accum:PE_ACCUM                                                           ; pe_accum             ; work         ;
;       |reg_nbit_matrix:ACCUM_REG|         ; 0 (0)               ; 64 (64)                   ; 0                 ; 0          ; 0    ; 0            ; |pqc_accelerator_top|pe_accum:PE_ACCUM|reg_nbit_matrix:ACCUM_REG                                 ; reg_nbit_matrix      ; work         ;
;    |pe_chain:PE_CHAIN|                    ; 309 (0)             ; 256 (0)                   ; 0                 ; 0          ; 0    ; 0            ; |pqc_accelerator_top|pe_chain:PE_CHAIN                                                           ; pe_chain             ; work         ;
;       |a_mux:\MUX_A_GEN:1:A_MUX|          ; 2 (2)               ; 0 (0)                     ; 0                 ; 0          ; 0    ; 0            ; |pqc_accelerator_top|pe_chain:PE_CHAIN|a_mux:\MUX_A_GEN:1:A_MUX                                  ; a_mux                ; work         ;
;       |a_mux:\MUX_A_GEN:2:A_MUX|          ; 1 (1)               ; 0 (0)                     ; 0                 ; 0          ; 0    ; 0            ; |pqc_accelerator_top|pe_chain:PE_CHAIN|a_mux:\MUX_A_GEN:2:A_MUX                                  ; a_mux                ; work         ;
;       |b_mux:\MUX_B_GEN:0:B_MUX|          ; 8 (8)               ; 0 (0)                     ; 0                 ; 0          ; 0    ; 0            ; |pqc_accelerator_top|pe_chain:PE_CHAIN|b_mux:\MUX_B_GEN:0:B_MUX                                  ; b_mux                ; work         ;
;       |b_mux:\MUX_B_GEN:1:B_MUX|          ; 8 (8)               ; 0 (0)                     ; 0                 ; 0          ; 0    ; 0            ; |pqc_accelerator_top|pe_chain:PE_CHAIN|b_mux:\MUX_B_GEN:1:B_MUX                                  ; b_mux                ; work         ;
;       |b_mux:\MUX_B_GEN:2:B_MUX|          ; 8 (8)               ; 0 (0)                     ; 0                 ; 0          ; 0    ; 0            ; |pqc_accelerator_top|pe_chain:PE_CHAIN|b_mux:\MUX_B_GEN:2:B_MUX                                  ; b_mux                ; work         ;
;       |b_mux:\MUX_B_GEN:3:B_MUX|          ; 8 (8)               ; 0 (0)                     ; 0                 ; 0          ; 0    ; 0            ; |pqc_accelerator_top|pe_chain:PE_CHAIN|b_mux:\MUX_B_GEN:3:B_MUX                                  ; b_mux                ; work         ;
;       |processing_element_i:PE_0|         ; 64 (0)              ; 64 (0)                    ; 0                 ; 0          ; 0    ; 0            ; |pqc_accelerator_top|pe_chain:PE_CHAIN|processing_element_i:PE_0                                 ; processing_element_i ; work         ;
;          |multiplier_nbit:MULT|           ; 64 (64)             ; 0 (0)                     ; 0                 ; 0          ; 0    ; 0            ; |pqc_accelerator_top|pe_chain:PE_CHAIN|processing_element_i:PE_0|multiplier_nbit:MULT            ; multiplier_nbit      ; work         ;
;          |reg_nbit_matrix:REG_SUM|        ; 0 (0)               ; 64 (64)                   ; 0                 ; 0          ; 0    ; 0            ; |pqc_accelerator_top|pe_chain:PE_CHAIN|processing_element_i:PE_0|reg_nbit_matrix:REG_SUM         ; reg_nbit_matrix      ; work         ;
;       |processing_element_n:PE_N|         ; 71 (8)              ; 64 (0)                    ; 0                 ; 0          ; 0    ; 0            ; |pqc_accelerator_top|pe_chain:PE_CHAIN|processing_element_n:PE_N                                 ; processing_element_n ; work         ;
;          |multiplier_nbit:MULT|           ; 63 (63)             ; 0 (0)                     ; 0                 ; 0          ; 0    ; 0            ; |pqc_accelerator_top|pe_chain:PE_CHAIN|processing_element_n:PE_N|multiplier_nbit:MULT            ; multiplier_nbit      ; work         ;
;          |reg_nbit_matrix:REG_SUM|        ; 0 (0)               ; 64 (64)                   ; 0                 ; 0          ; 0    ; 0            ; |pqc_accelerator_top|pe_chain:PE_CHAIN|processing_element_n:PE_N|reg_nbit_matrix:REG_SUM         ; reg_nbit_matrix      ; work         ;
;       |processing_element_n:\PE_GEN:1:PE| ; 69 (24)             ; 64 (0)                    ; 0                 ; 0          ; 0    ; 0            ; |pqc_accelerator_top|pe_chain:PE_CHAIN|processing_element_n:\PE_GEN:1:PE                         ; processing_element_n ; work         ;
;          |multiplier_nbit:MULT|           ; 45 (45)             ; 0 (0)                     ; 0                 ; 0          ; 0    ; 0            ; |pqc_accelerator_top|pe_chain:PE_CHAIN|processing_element_n:\PE_GEN:1:PE|multiplier_nbit:MULT    ; multiplier_nbit      ; work         ;
;          |reg_nbit_matrix:REG_SUM|        ; 0 (0)               ; 64 (64)                   ; 0                 ; 0          ; 0    ; 0            ; |pqc_accelerator_top|pe_chain:PE_CHAIN|processing_element_n:\PE_GEN:1:PE|reg_nbit_matrix:REG_SUM ; reg_nbit_matrix      ; work         ;
;       |processing_element_n:\PE_GEN:2:PE| ; 70 (16)             ; 64 (0)                    ; 0                 ; 0          ; 0    ; 0            ; |pqc_accelerator_top|pe_chain:PE_CHAIN|processing_element_n:\PE_GEN:2:PE                         ; processing_element_n ; work         ;
;          |multiplier_nbit:MULT|           ; 54 (54)             ; 0 (0)                     ; 0                 ; 0          ; 0    ; 0            ; |pqc_accelerator_top|pe_chain:PE_CHAIN|processing_element_n:\PE_GEN:2:PE|multiplier_nbit:MULT    ; multiplier_nbit      ; work         ;
;          |reg_nbit_matrix:REG_SUM|        ; 0 (0)               ; 64 (64)                   ; 0                 ; 0          ; 0    ; 0            ; |pqc_accelerator_top|pe_chain:PE_CHAIN|processing_element_n:\PE_GEN:2:PE|reg_nbit_matrix:REG_SUM ; reg_nbit_matrix      ; work         ;
+-------------------------------------------+---------------------+---------------------------+-------------------+------------+------+--------------+--------------------------------------------------------------------------------------------------+----------------------+--------------+
Note: For table entries with two numbers listed, the numbers in parentheses indicate the number of resources of the given type used by the specific entity alone. The numbers listed outside of parentheses indicate the total resources of the given type used by the specific entity and all of its sub-entities in the hierarchy.


Encoding Type:  One-Hot
+-------------------------------------------------------------------------------+
; State Machine - |pqc_accelerator_top|fsm:FSM|state                            ;
+----------------+----------------+---------------+---------------+-------------+
; Name           ; state.DATA_OUT ; state.PE_PIPE ; state.DATA_IN ; state.SETUP ;
+----------------+----------------+---------------+---------------+-------------+
; state.SETUP    ; 0              ; 0             ; 0             ; 0           ;
; state.DATA_IN  ; 0              ; 0             ; 1             ; 1           ;
; state.PE_PIPE  ; 0              ; 1             ; 0             ; 1           ;
; state.DATA_OUT ; 1              ; 0             ; 0             ; 1           ;
+----------------+----------------+---------------+---------------+-------------+


+------------------------------------------------------+
; General Register Statistics                          ;
+----------------------------------------------+-------+
; Statistic                                    ; Value ;
+----------------------------------------------+-------+
; Total registers                              ; 474   ;
; Number of registers using Synchronous Clear  ; 138   ;
; Number of registers using Synchronous Load   ; 56    ;
; Number of registers using Asynchronous Clear ; 323   ;
; Number of registers using Asynchronous Load  ; 0     ;
; Number of registers using Clock Enable       ; 466   ;
; Number of registers using Preset             ; 0     ;
+----------------------------------------------+-------+


+--------------------------------------------------+
; Inverted Register Statistics                     ;
+----------------------------------------+---------+
; Inverted Register                      ; Fan out ;
+----------------------------------------+---------+
; fsm:FSM|counter_rst                    ; 4       ;
; Total number of inverted registers = 1 ;         ;
+----------------------------------------+---------+


+---------------------------------------------------------------------------------------------------------------------------------------------------------------------------------------+
; Multiplexer Restructuring Statistics (Restructuring Performed)                                                                                                                        ;
+--------------------+-----------+---------------+----------------------+------------------------+------------+-------------------------------------------------------------------------+
; Multiplexer Inputs ; Bus Width ; Baseline Area ; Area if Restructured ; Saving if Restructured ; Registered ; Example Multiplexer Output                                              ;
+--------------------+-----------+---------------+----------------------+------------------------+------------+-------------------------------------------------------------------------+
; 3:1                ; 72 bits   ; 144 LEs       ; 0 LEs                ; 144 LEs                ; Yes        ; |pqc_accelerator_top|data_shift_in:DSI|reg_8bit:\REG_8_GEN:3:REG_8|q[3] ;
; 4:1                ; 8 bits    ; 16 LEs        ; 0 LEs                ; 16 LEs                 ; Yes        ; |pqc_accelerator_top|data_shift_out:DSO|reg_8bit:\REG_GEN:0:REG|q[7]    ;
; 4:1                ; 56 bits   ; 112 LEs       ; 0 LEs                ; 112 LEs                ; Yes        ; |pqc_accelerator_top|data_shift_out:DSO|reg_8bit:\REG_GEN:3:REG|q[1]    ;
; 7:1                ; 2 bits    ; 8 LEs         ; 6 LEs                ; 2 LEs                  ; No         ; |pqc_accelerator_top|fsm:FSM|state                                      ;
; 9:1                ; 2 bits    ; 12 LEs        ; 6 LEs                ; 6 LEs                  ; No         ; |pqc_accelerator_top|fsm:FSM|state                                      ;
+--------------------+-----------+---------------+----------------------+------------------------+------------+-------------------------------------------------------------------------+


+----------------------------------------------------------------------------------------------------+
; Port Connectivity Checks: "pe_chain:PE_CHAIN|circulant:CIRC_MATRIX|signed_shift:\CIRC_GEN:0:SHIFT" ;
+------------+-------+----------+--------------------------------------------------------------------+
; Port       ; Type  ; Severity ; Details                                                            ;
+------------+-------+----------+--------------------------------------------------------------------+
; a_in[0][1] ; Input ; Info     ; Stuck at GND                                                       ;
; a_in[1][1] ; Input ; Info     ; Stuck at GND                                                       ;
; a_in[2][1] ; Input ; Info     ; Stuck at GND                                                       ;
; a_in[3][1] ; Input ; Info     ; Stuck at GND                                                       ;
; a_in[4][1] ; Input ; Info     ; Stuck at GND                                                       ;
; a_in[5][1] ; Input ; Info     ; Stuck at GND                                                       ;
; a_in[6][1] ; Input ; Info     ; Stuck at GND                                                       ;
; a_in[7][1] ; Input ; Info     ; Stuck at GND                                                       ;
+------------+-------+----------+--------------------------------------------------------------------+


+-----------------------------------------------------+
; Post-Synthesis Netlist Statistics for Top Partition ;
+-----------------------+-----------------------------+
; Type                  ; Count                       ;
+-----------------------+-----------------------------+
; arriav_ff             ; 474                         ;
;     CLR               ; 3                           ;
;     ENA               ; 10                          ;
;     ENA CLR           ; 320                         ;
;     ENA SCLR          ; 80                          ;
;     ENA SCLR SLD      ; 56                          ;
;     SCLR              ; 2                           ;
;     plain             ; 3                           ;
; arriav_lcell_comb     ; 399                         ;
;     arith             ; 306                         ;
;         2 data inputs ; 76                          ;
;         3 data inputs ; 6                           ;
;         4 data inputs ; 32                          ;
;         5 data inputs ; 192                         ;
;     normal            ; 93                          ;
;         2 data inputs ; 5                           ;
;         3 data inputs ; 37                          ;
;         4 data inputs ; 4                           ;
;         5 data inputs ; 42                          ;
;         6 data inputs ; 5                           ;
; boundary_port         ; 20                          ;
;                       ;                             ;
; Max LUT depth         ; 2.70                        ;
; Average LUT depth     ; 1.81                        ;
+-----------------------+-----------------------------+


+-------------------------------+
; Elapsed Time Per Partition    ;
+----------------+--------------+
; Partition Name ; Elapsed Time ;
+----------------+--------------+
; Top            ; 00:00:00     ;
+----------------+--------------+


+-------------------------------+
; Analysis & Synthesis Messages ;
+-------------------------------+
Info: *******************************************************************
Info: Running Quartus Prime Analysis & Synthesis
    Info: Version 20.1.1 Build 720 11/11/2020 SJ Lite Edition
    Info: Processing started: Mon Oct 17 17:37:16 2022
Info: Command: quartus_map --read_settings_files=on --write_settings_files=off PQCA -c pqc_accelerator_top
Warning (18236): Number of processors has not been specified which may cause overloading on shared machines.  Set the global assignment NUM_PARALLEL_PROCESSORS in your QSF to an appropriate value for best performance.
Info (20030): Parallel compilation is enabled and will use 8 of the 8 processors detected
Info (12021): Found 2 design units, including 1 entities, in source file /pqc accelerator/2022-2023-pqc-accelerator/pqc_pipe/design/signed_shift.vhd
    Info (12022): Found design unit 1: signed_shift-rtl File: C:/PQC Accelerator/2022-2023-PQC-Accelerator/pqc_pipe/design/signed_shift.vhd Line: 13
    Info (12023): Found entity 1: signed_shift File: C:/PQC Accelerator/2022-2023-PQC-Accelerator/pqc_pipe/design/signed_shift.vhd Line: 6
Info (12021): Found 2 design units, including 1 entities, in source file /pqc accelerator/2022-2023-pqc-accelerator/pqc_pipe/design/shift_data_out.vhd
    Info (12022): Found design unit 1: data_shift_out-rtl File: C:/PQC Accelerator/2022-2023-PQC-Accelerator/pqc_pipe/design/shift_data_out.vhd Line: 20
    Info (12023): Found entity 1: data_shift_out File: C:/PQC Accelerator/2022-2023-PQC-Accelerator/pqc_pipe/design/shift_data_out.vhd Line: 6
Info (12021): Found 2 design units, including 1 entities, in source file /pqc accelerator/2022-2023-pqc-accelerator/pqc_pipe/design/shift_data_in.vhd
    Info (12022): Found design unit 1: data_shift_in-rtl File: C:/PQC Accelerator/2022-2023-PQC-Accelerator/pqc_pipe/design/shift_data_in.vhd Line: 20
    Info (12023): Found entity 1: data_shift_in File: C:/PQC Accelerator/2022-2023-PQC-Accelerator/pqc_pipe/design/shift_data_in.vhd Line: 6
Info (12021): Found 2 design units, including 1 entities, in source file /pqc accelerator/2022-2023-pqc-accelerator/pqc_pipe/design/reg_nbit_matrix.vhd
    Info (12022): Found design unit 1: reg_nbit_matrix-rtl File: C:/PQC Accelerator/2022-2023-PQC-Accelerator/pqc_pipe/design/reg_nbit_matrix.vhd Line: 18
    Info (12023): Found entity 1: reg_nbit_matrix File: C:/PQC Accelerator/2022-2023-PQC-Accelerator/pqc_pipe/design/reg_nbit_matrix.vhd Line: 6
Info (12021): Found 2 design units, including 1 entities, in source file /pqc accelerator/2022-2023-pqc-accelerator/pqc_pipe/design/reg_8bit.vhd
    Info (12022): Found design unit 1: reg_8bit-rtl File: C:/PQC Accelerator/2022-2023-PQC-Accelerator/pqc_pipe/design/reg_8bit.vhd Line: 18
    Info (12023): Found entity 1: reg_8bit File: C:/PQC Accelerator/2022-2023-PQC-Accelerator/pqc_pipe/design/reg_8bit.vhd Line: 6
Info (12021): Found 2 design units, including 1 entities, in source file /pqc accelerator/2022-2023-pqc-accelerator/pqc_pipe/design/reg_1bit.vhd
    Info (12022): Found design unit 1: reg_1bit-rtl File: C:/PQC Accelerator/2022-2023-PQC-Accelerator/pqc_pipe/design/reg_1bit.vhd Line: 18
    Info (12023): Found entity 1: reg_1bit File: C:/PQC Accelerator/2022-2023-PQC-Accelerator/pqc_pipe/design/reg_1bit.vhd Line: 6
Info (12021): Found 2 design units, including 1 entities, in source file /pqc accelerator/2022-2023-pqc-accelerator/pqc_pipe/design/processing_element_n.vhd
    Info (12022): Found design unit 1: processing_element_n-rtl File: C:/PQC Accelerator/2022-2023-PQC-Accelerator/pqc_pipe/design/processing_element_n.vhd Line: 20
    Info (12023): Found entity 1: processing_element_n File: C:/PQC Accelerator/2022-2023-PQC-Accelerator/pqc_pipe/design/processing_element_n.vhd Line: 6
Info (12021): Found 2 design units, including 1 entities, in source file /pqc accelerator/2022-2023-pqc-accelerator/pqc_pipe/design/processing_element_i.vhd
    Info (12022): Found design unit 1: processing_element_i-rtl File: C:/PQC Accelerator/2022-2023-PQC-Accelerator/pqc_pipe/design/processing_element_i.vhd Line: 19
    Info (12023): Found entity 1: processing_element_i File: C:/PQC Accelerator/2022-2023-PQC-Accelerator/pqc_pipe/design/processing_element_i.vhd Line: 6
Info (12021): Found 2 design units, including 1 entities, in source file /pqc accelerator/2022-2023-pqc-accelerator/pqc_pipe/design/pqc_accelerator_top.vhd
    Info (12022): Found design unit 1: pqc_accelerator_top-rtl File: C:/PQC Accelerator/2022-2023-PQC-Accelerator/pqc_pipe/design/pqc_accelerator_top.vhd Line: 19
    Info (12023): Found entity 1: pqc_accelerator_top File: C:/PQC Accelerator/2022-2023-PQC-Accelerator/pqc_pipe/design/pqc_accelerator_top.vhd Line: 6
Info (12021): Found 2 design units, including 1 entities, in source file /pqc accelerator/2022-2023-pqc-accelerator/pqc_pipe/design/pe_chain.vhd
    Info (12022): Found design unit 1: pe_chain-rtl File: C:/PQC Accelerator/2022-2023-PQC-Accelerator/pqc_pipe/design/pe_chain.vhd Line: 20
    Info (12023): Found entity 1: pe_chain File: C:/PQC Accelerator/2022-2023-PQC-Accelerator/pqc_pipe/design/pe_chain.vhd Line: 6
Info (12021): Found 2 design units, including 1 entities, in source file /pqc accelerator/2022-2023-pqc-accelerator/pqc_pipe/design/pe_accum.vhd
    Info (12022): Found design unit 1: pe_accum-rtl File: C:/PQC Accelerator/2022-2023-PQC-Accelerator/pqc_pipe/design/pe_accum.vhd Line: 17
    Info (12023): Found entity 1: pe_accum File: C:/PQC Accelerator/2022-2023-PQC-Accelerator/pqc_pipe/design/pe_accum.vhd Line: 6
Info (12021): Found 2 design units, including 1 entities, in source file /pqc accelerator/2022-2023-pqc-accelerator/pqc_pipe/design/multiplier_nbit.vhd
    Info (12022): Found design unit 1: multiplier_nbit-rtl File: C:/PQC Accelerator/2022-2023-PQC-Accelerator/pqc_pipe/design/multiplier_nbit.vhd Line: 15
    Info (12023): Found entity 1: multiplier_nbit File: C:/PQC Accelerator/2022-2023-PQC-Accelerator/pqc_pipe/design/multiplier_nbit.vhd Line: 6
Info (12021): Found 1 design units, including 0 entities, in source file /pqc accelerator/2022-2023-pqc-accelerator/pqc_pipe/design/globals_pkg.vhd
    Info (12022): Found design unit 1: globals_pkg File: C:/PQC Accelerator/2022-2023-PQC-Accelerator/pqc_pipe/design/globals_pkg.vhd Line: 6
Info (12021): Found 2 design units, including 1 entities, in source file /pqc accelerator/2022-2023-pqc-accelerator/pqc_pipe/design/fsm.vhd
    Info (12022): Found design unit 1: fsm-rtl File: C:/PQC Accelerator/2022-2023-PQC-Accelerator/pqc_pipe/design/fsm.vhd Line: 22
    Info (12023): Found entity 1: fsm File: C:/PQC Accelerator/2022-2023-PQC-Accelerator/pqc_pipe/design/fsm.vhd Line: 7
Info (12021): Found 2 design units, including 1 entities, in source file /pqc accelerator/2022-2023-pqc-accelerator/pqc_pipe/design/counter.vhd
    Info (12022): Found design unit 1: counter-rtl File: C:/PQC Accelerator/2022-2023-PQC-Accelerator/pqc_pipe/design/counter.vhd Line: 16
    Info (12023): Found entity 1: counter File: C:/PQC Accelerator/2022-2023-PQC-Accelerator/pqc_pipe/design/counter.vhd Line: 6
Info (12021): Found 2 design units, including 1 entities, in source file /pqc accelerator/2022-2023-pqc-accelerator/pqc_pipe/design/circulant.vhd
    Info (12022): Found design unit 1: circulant-rtl File: C:/PQC Accelerator/2022-2023-PQC-Accelerator/pqc_pipe/design/circulant.vhd Line: 13
    Info (12023): Found entity 1: circulant File: C:/PQC Accelerator/2022-2023-PQC-Accelerator/pqc_pipe/design/circulant.vhd Line: 6
Info (12021): Found 2 design units, including 1 entities, in source file /pqc accelerator/2022-2023-pqc-accelerator/pqc_pipe/design/b_mux.vhd
    Info (12022): Found design unit 1: b_mux-rtl File: C:/PQC Accelerator/2022-2023-PQC-Accelerator/pqc_pipe/design/b_mux.vhd Line: 16
    Info (12023): Found entity 1: b_mux File: C:/PQC Accelerator/2022-2023-PQC-Accelerator/pqc_pipe/design/b_mux.vhd Line: 7
Info (12021): Found 2 design units, including 1 entities, in source file /pqc accelerator/2022-2023-pqc-accelerator/pqc_pipe/design/a_mux.vhd
    Info (12022): Found design unit 1: a_mux-rtl File: C:/PQC Accelerator/2022-2023-PQC-Accelerator/pqc_pipe/design/a_mux.vhd Line: 16
    Info (12023): Found entity 1: a_mux File: C:/PQC Accelerator/2022-2023-PQC-Accelerator/pqc_pipe/design/a_mux.vhd Line: 7
Info (12127): Elaborating entity "pqc_accelerator_top" for the top level hierarchy
Info (12129): Elaborating entity "fsm" using architecture "A:rtl" for hierarchy "fsm:FSM" File: C:/PQC Accelerator/2022-2023-PQC-Accelerator/pqc_pipe/design/pqc_accelerator_top.vhd Line: 35
Info (12129): Elaborating entity "counter" using architecture "A:rtl" for hierarchy "fsm:FSM|counter:STATE_COUNTER" File: C:/PQC Accelerator/2022-2023-PQC-Accelerator/pqc_pipe/design/fsm.vhd Line: 36
Warning (10492): VHDL Process Statement warning at counter.vhd(28): signal "rst" is read inside the Process Statement but isn't in the Process Statement's sensitivity list File: C:/PQC Accelerator/2022-2023-PQC-Accelerator/pqc_pipe/design/counter.vhd Line: 28
Warning (10492): VHDL Process Statement warning at counter.vhd(31): signal "ena" is read inside the Process Statement but isn't in the Process Statement's sensitivity list File: C:/PQC Accelerator/2022-2023-PQC-Accelerator/pqc_pipe/design/counter.vhd Line: 31
Info (12129): Elaborating entity "data_shift_in" using architecture "A:rtl" for hierarchy "data_shift_in:DSI" File: C:/PQC Accelerator/2022-2023-PQC-Accelerator/pqc_pipe/design/pqc_accelerator_top.vhd Line: 49
Info (12129): Elaborating entity "reg_1bit" using architecture "A:rtl" for hierarchy "data_shift_in:DSI|reg_1bit:REG_1_0" File: C:/PQC Accelerator/2022-2023-PQC-Accelerator/pqc_pipe/design/shift_data_in.vhd Line: 27
Info (12129): Elaborating entity "reg_8bit" using architecture "A:rtl" for hierarchy "data_shift_in:DSI|reg_8bit:REG_8_0" File: C:/PQC Accelerator/2022-2023-PQC-Accelerator/pqc_pipe/design/shift_data_in.vhd Line: 47
Info (12129): Elaborating entity "pe_chain" using architecture "A:rtl" for hierarchy "pe_chain:PE_CHAIN" File: C:/PQC Accelerator/2022-2023-PQC-Accelerator/pqc_pipe/design/pqc_accelerator_top.vhd Line: 62
Info (10008): Verilog HDL or VHDL information: EDA Netlist Writer cannot regroup multidimensional array "A" into its bus
Info (10008): Verilog HDL or VHDL information: EDA Netlist Writer cannot regroup multidimensional array "A_hold" into its bus
Info (10008): Verilog HDL or VHDL information: EDA Netlist Writer cannot regroup multidimensional array "B_hold" into its bus
Info (10008): Verilog HDL or VHDL information: EDA Netlist Writer cannot regroup multidimensional array "A_mux2pe" into its bus
Info (10008): Verilog HDL or VHDL information: EDA Netlist Writer cannot regroup multidimensional array "C" into its bus
Info (12129): Elaborating entity "circulant" using architecture "A:rtl" for hierarchy "pe_chain:PE_CHAIN|circulant:CIRC_MATRIX" File: C:/PQC Accelerator/2022-2023-PQC-Accelerator/pqc_pipe/design/pe_chain.vhd Line: 34
Info (10008): Verilog HDL or VHDL information: EDA Netlist Writer cannot regroup multidimensional array "A" into its bus
Info (10008): Verilog HDL or VHDL information: EDA Netlist Writer cannot regroup multidimensional array "A_n" into its bus
Info (10008): Verilog HDL or VHDL information: EDA Netlist Writer cannot regroup multidimensional array "A" into its bus
Info (12129): Elaborating entity "signed_shift" using architecture "A:rtl" for hierarchy "pe_chain:PE_CHAIN|circulant:CIRC_MATRIX|signed_shift:\CIRC_GEN:0:SHIFT" File: C:/PQC Accelerator/2022-2023-PQC-Accelerator/pqc_pipe/design/circulant.vhd Line: 27
Info (12129): Elaborating entity "a_mux" using architecture "A:rtl" for hierarchy "pe_chain:PE_CHAIN|a_mux:\MUX_A_GEN:0:A_MUX" File: C:/PQC Accelerator/2022-2023-PQC-Accelerator/pqc_pipe/design/pe_chain.vhd Line: 48
Info (10008): Verilog HDL or VHDL information: EDA Netlist Writer cannot regroup multidimensional array "A_in" into its bus
Info (10008): Verilog HDL or VHDL information: EDA Netlist Writer cannot regroup multidimensional array "A_in" into its bus
Info (12129): Elaborating entity "b_mux" using architecture "A:rtl" for hierarchy "pe_chain:PE_CHAIN|b_mux:\MUX_B_GEN:0:B_MUX" File: C:/PQC Accelerator/2022-2023-PQC-Accelerator/pqc_pipe/design/pe_chain.vhd Line: 65
Info (12129): Elaborating entity "processing_element_i" using architecture "A:rtl" for hierarchy "pe_chain:PE_CHAIN|processing_element_i:PE_0" File: C:/PQC Accelerator/2022-2023-PQC-Accelerator/pqc_pipe/design/pe_chain.vhd Line: 74
Info (12129): Elaborating entity "multiplier_nbit" using architecture "A:rtl" for hierarchy "pe_chain:PE_CHAIN|processing_element_i:PE_0|multiplier_nbit:MULT" File: C:/PQC Accelerator/2022-2023-PQC-Accelerator/pqc_pipe/design/processing_element_i.vhd Line: 25
Info (12129): Elaborating entity "reg_nbit_matrix" using architecture "A:rtl" for hierarchy "pe_chain:PE_CHAIN|processing_element_i:PE_0|reg_nbit_matrix:REG_SUM" File: C:/PQC Accelerator/2022-2023-PQC-Accelerator/pqc_pipe/design/processing_element_i.vhd Line: 34
Warning (10492): VHDL Process Statement warning at reg_nbit_matrix.vhd(22): signal "rst" is read inside the Process Statement but isn't in the Process Statement's sensitivity list File: C:/PQC Accelerator/2022-2023-PQC-Accelerator/pqc_pipe/design/reg_nbit_matrix.vhd Line: 22
Warning (10492): VHDL Process Statement warning at reg_nbit_matrix.vhd(27): signal "ena" is read inside the Process Statement but isn't in the Process Statement's sensitivity list File: C:/PQC Accelerator/2022-2023-PQC-Accelerator/pqc_pipe/design/reg_nbit_matrix.vhd Line: 27
Info (12129): Elaborating entity "processing_element_n" using architecture "A:rtl" for hierarchy "pe_chain:PE_CHAIN|processing_element_n:\PE_GEN:1:PE" File: C:/PQC Accelerator/2022-2023-PQC-Accelerator/pqc_pipe/design/pe_chain.vhd Line: 87
Info (12129): Elaborating entity "pe_accum" using architecture "A:rtl" for hierarchy "pe_accum:PE_ACCUM" File: C:/PQC Accelerator/2022-2023-PQC-Accelerator/pqc_pipe/design/pqc_accelerator_top.vhd Line: 75
Info (12129): Elaborating entity "data_shift_out" using architecture "A:rtl" for hierarchy "data_shift_out:DSO" File: C:/PQC Accelerator/2022-2023-PQC-Accelerator/pqc_pipe/design/pqc_accelerator_top.vhd Line: 85
Warning (10873): Using initial value X (don't care) for net "c_nxt[0]" at shift_data_out.vhd(23) File: C:/PQC Accelerator/2022-2023-PQC-Accelerator/pqc_pipe/design/shift_data_out.vhd Line: 23
Info (286030): Timing-Driven Synthesis is running
Info (16010): Generating hard_block partition "hard_block:auto_generated_inst"
    Info (16011): Adding 0 node(s), including 0 DDIO, 0 PLL, 0 transceiver and 0 LCELL
Info (21057): Implemented 555 device resources after synthesis - the final resource count might be different
    Info (21058): Implemented 12 input pins
    Info (21059): Implemented 8 output pins
    Info (21061): Implemented 535 logic cells
Info: Quartus Prime Analysis & Synthesis was successful. 0 errors, 6 warnings
    Info: Peak virtual memory: 4889 megabytes
    Info: Processing ended: Mon Oct 17 17:37:22 2022
    Info: Elapsed time: 00:00:06
    Info: Total CPU time (on all processors): 00:00:16


